<?xml version="1.0" encoding="UTF-8"?>
<!-- Generated by org.testng.reporters.JUnitReportReporter -->
<testsuite hostname="UJJAWALSINGH" failures="0" tests="2" name="LoginModule.VerifyHomePage" time="11.231" errors="0" timestamp="2023-04-18T00:58:57 IST" skipped="0">
  <testcase classname="LoginModule.VerifyHomePage" name="verifyLogo" time="6.041"/>
  <system-out/>
  <testcase classname="LoginModule.VerifyHomePage" name="verifyTitle" time="5.190"/>
  <system-out/>
</testsuite> <!-- LoginModule.VerifyHomePage -->
